#
# There is insufficient memory for the Java Runtime Environment to continue.
# Native memory allocation (malloc) failed to allocate 454336 bytes for Chunk::new
# Possible reasons:
#   The system is out of physical RAM or swap space
#   The process is running with CompressedOops enabled, and the Java Heap may be blocking the growth of the native heap
# Possible solutions:
#   Reduce memory load on the system
#   Increase physical memory or swap space
#   Check if swap backing store is full
#   Decrease Java heap size (-Xmx/-Xms)
#   Decrease number of Java threads
#   Decrease Java thread stack sizes (-Xss)
#   Set larger code cache with -XX:ReservedCodeCacheSize=
#   JVM is running with Unscaled Compressed Oops mode in which the Java heap is
#     placed in the first 4GB address space. The Java Heap base address is the
#     maximum limit for the native heap growth. Please use -XX:HeapBaseMinAddress
#     to set the Java Heap base and to place the Java Heap above 4GB virtual address.
# This output file may be truncated or incomplete.
#
#  Out of Memory Error (t:/workspace/open/src/hotspot/share/memory/arena.cpp:198), pid=7668, tid=2400
#
# JRE version: Java(TM) SE Runtime Environment (10.0.1+10) (build 10.0.1+10)
# Java VM: Java HotSpot(TM) 64-Bit Server VM (10.0.1+10, mixed mode, tiered, compressed oops, g1 gc, windows-amd64)
# No core dump will be written. Minidumps are not enabled by default on client versions of Windows
#

---------------  S U M M A R Y ------------

Command Line: -ea -Didea.test.cyclic.buffer.size=1048576 -javaagent:D:\Program Files\JetBrains\IntelliJ IDEA 2019.1\lib\idea_rt.jar=7587:D:\Program Files\JetBrains\IntelliJ IDEA 2019.1\bin -Dfile.encoding=UTF-8 com.intellij.rt.execution.junit.JUnitStarter -ideVersion5 -junit4 com.leyou.search.client.CategoryClientTest,queryCategoryByIds

Host: AMD Ryzen 5 2500U with Radeon Vega Mobile Gfx  , 8 cores, 6G,  Windows 10 , 64 bit Build 17763 (10.0.17763.475)
Time: Thu May 23 17:01:12 2019 ?D1ú±ê×?ê±?? elapsed time: 64 seconds (0d 0h 1m 4s)

---------------  T H R E A D  ---------------

Current thread (0x000001a3f9257000):  JavaThread "C2 CompilerThread2" daemon [_thread_in_native, id=2400, stack(0x000000671bc00000,0x000000671bd00000)]


Current CompileTask:
C2:  64862 5563       4       java.lang.reflect.Executable::printModifiersIfNonzero (101 bytes)

Stack: [0x000000671bc00000,0x000000671bd00000]
Native frames: (J=compiled Java code, j=interpreted, Vv=VM code, C=native code)
V  [jvm.dll+0x5a0369]
V  [jvm.dll+0x6bcf81]
V  [jvm.dll+0x6be176]
V  [jvm.dll+0x6be803]
V  [jvm.dll+0x234998]
V  [jvm.dll+0xbb92c]
V  [jvm.dll+0xbbe2c]
V  [jvm.dll+0x2a67b4]
V  [jvm.dll+0x4bf92a]
V  [jvm.dll+0x201357]
V  [jvm.dll+0x1feff1]
V  [jvm.dll+0x17ca6b]
V  [jvm.dll+0x20c81d]
V  [jvm.dll+0x20b5e6]
V  [jvm.dll+0x68bb6f]
V  [jvm.dll+0x59f680]
C  [msvcr120.dll+0x24f7f]
C  [msvcr120.dll+0x25126]
C  [KERNEL32.DLL+0x17974]
C  [ntdll.dll+0x6a271]


---------------  P R O C E S S  ---------------

Threads class SMR info:
_java_thread_list=0x000001a3fa5456b0, length=21, elements={
0x000001a3d770a800, 0x000001a3f8153000, 0x000001a3f91e8800, 0x000001a3f815e800,
0x000001a3f9242000, 0x000001a3f9243000, 0x000001a3f924a000, 0x000001a3f9257000,
0x000001a3f9260000, 0x000001a3f9260800, 0x000001a3f95b3800, 0x000001a3f93e3000,
0x000001a3f975f000, 0x000001a3fe200800, 0x000001a3fe203000, 0x000001a3fe201000,
0x000001a3fe1ff800, 0x000001a3fe202000, 0x000001a3fe205000, 0x000001a3fe206800,
0x000001a3fe203800
}

Java Threads: ( => current thread )
  0x000001a3d770a800 JavaThread "main" [_thread_in_Java, id=18296, stack(0x000000671a000000,0x000000671a100000)]
  0x000001a3f8153000 JavaThread "Reference Handler" daemon [_thread_blocked, id=5588, stack(0x000000671b600000,0x000000671b700000)]
  0x000001a3f91e8800 JavaThread "Finalizer" daemon [_thread_blocked, id=17324, stack(0x000000671b700000,0x000000671b800000)]
  0x000001a3f815e800 JavaThread "Signal Dispatcher" daemon [_thread_blocked, id=17060, stack(0x000000671b800000,0x000000671b900000)]
  0x000001a3f9242000 JavaThread "Attach Listener" daemon [_thread_blocked, id=21692, stack(0x000000671b900000,0x000000671ba00000)]
  0x000001a3f9243000 JavaThread "C2 CompilerThread0" daemon [_thread_in_native, id=24872, stack(0x000000671ba00000,0x000000671bb00000)]
  0x000001a3f924a000 JavaThread "C2 CompilerThread1" daemon [_thread_in_native, id=3716, stack(0x000000671bb00000,0x000000671bc00000)]
=>0x000001a3f9257000 JavaThread "C2 CompilerThread2" daemon [_thread_in_native, id=2400, stack(0x000000671bc00000,0x000000671bd00000)]
  0x000001a3f9260000 JavaThread "C1 CompilerThread3" daemon [_thread_blocked, id=18508, stack(0x000000671bd00000,0x000000671be00000)]
  0x000001a3f9260800 JavaThread "Sweeper thread" daemon [_thread_blocked, id=24364, stack(0x000000671be00000,0x000000671bf00000)]
  0x000001a3f95b3800 JavaThread "Common-Cleaner" daemon [_thread_blocked, id=25120, stack(0x000000671bf00000,0x000000671c000000)]
  0x000001a3f93e3000 JavaThread "Monitor Ctrl-Break" daemon [_thread_in_native, id=25544, stack(0x000000671c000000,0x000000671c100000)]
  0x000001a3f975f000 JavaThread "Service Thread" daemon [_thread_blocked, id=5600, stack(0x000000671c100000,0x000000671c200000)]
  0x000001a3fe200800 JavaThread "elasticsearch[_client_][[timer]]" daemon [_thread_blocked, id=15412, stack(0x000000671c300000,0x000000671c400000)]
  0x000001a3fe203000 JavaThread "elasticsearch[_client_][scheduler][T#1]" daemon [_thread_blocked, id=22188, stack(0x000000671c400000,0x000000671c500000)]
  0x000001a3fe201000 JavaThread "elasticsearch[_client_][generic][T#1]" daemon [_thread_blocked, id=24840, stack(0x000000671c500000,0x000000671c600000)]
  0x000001a3fe1ff800 JavaThread "elasticsearch[_client_][generic][T#2]" daemon [_thread_blocked, id=1252, stack(0x000000671c600000,0x000000671c700000)]
  0x000001a3fe202000 JavaThread "elasticsearch[_client_][transport_client_boss][T#1]" daemon [_thread_in_native, id=12396, stack(0x000000671c700000,0x000000671c800000)]
  0x000001a3fe205000 JavaThread "elasticsearch[_client_][generic][T#3]" daemon [_thread_blocked, id=19028, stack(0x000000671cb00000,0x000000671cc00000)]
  0x000001a3fe206800 JavaThread "elasticsearch[_client_][generic][T#4]" daemon [_thread_blocked, id=25316, stack(0x000000671cc00000,0x000000671cd00000)]
  0x000001a3fe203800 JavaThread "elasticsearch[_client_][transport_client_boss][T#2]" daemon [_thread_in_native, id=1604, stack(0x0000006719d00000,0x0000006719e00000)]

Other Threads:
  0x000001a3f814e000 VMThread "VM Thread" [stack: 0x000000671b500000,0x000000671b600000] [id=19916]
  0x000001a3f9565800 WatcherThread [stack: 0x000000671c200000,0x000000671c300000] [id=21588]
  0x000001a3d7722000 GCTaskThread "GC Thread#0" [stack: 0x000000671a100000,0x000000671a200000] [id=6504]
  0x000001a3d7723800 GCTaskThread "GC Thread#1" [stack: 0x000000671a200000,0x000000671a300000] [id=10016]
  0x000001a3d7725000 GCTaskThread "GC Thread#2" [stack: 0x000000671a300000,0x000000671a400000] [id=16824]
  0x000001a3d7728800 GCTaskThread "GC Thread#3" [stack: 0x000000671a400000,0x000000671a500000] [id=6912]
  0x000001a3d7730000 GCTaskThread "GC Thread#4" [stack: 0x000000671a500000,0x000000671a600000] [id=14480]
  0x000001a3d7739000 GCTaskThread "GC Thread#5" [stack: 0x000000671a600000,0x000000671a700000] [id=17564]
  0x000001a3d773a800 GCTaskThread "GC Thread#6" [stack: 0x000000671a700000,0x000000671a800000] [id=14492]
  0x000001a3d7744800 GCTaskThread "GC Thread#7" [stack: 0x000000671a800000,0x000000671a900000] [id=21244]
  0x000001a3d77a0800 ConcurrentGCThread "G1 Main Marker" [stack: 0x000000671a900000,0x000000671aa00000] [id=16812]
  0x000001a3d77a1800 ConcurrentGCThread "G1 Conc#0" [stack: 0x000000671aa00000,0x000000671ab00000] [id=15812]
  0x000001a3d77a3000 ConcurrentGCThread "G1 Conc#1" [stack: 0x000000671ab00000,0x000000671ac00000] [id=4036]
  0x000001a3f7fc4800 ConcurrentGCThread "G1 Refine#0" [stack: 0x000000671ac00000,0x000000671ad00000] [id=17856]
  0x000001a3f7fc5000 ConcurrentGCThread "G1 Refine#1" [stack: 0x000000671ad00000,0x000000671ae00000] [id=2056]
  0x000001a3f7fcb800 ConcurrentGCThread "G1 Refine#2" [stack: 0x000000671ae00000,0x000000671af00000] [id=18204]
  0x000001a3f7fcc800 ConcurrentGCThread "G1 Refine#3" [stack: 0x000000671af00000,0x000000671b000000] [id=25568]
  0x000001a3f7fcf000 ConcurrentGCThread "G1 Refine#4" [stack: 0x000000671b000000,0x000000671b100000] [id=19656]
  0x000001a3f7fd0000 ConcurrentGCThread "G1 Refine#5" [stack: 0x000000671b100000,0x000000671b200000] [id=4836]
  0x000001a3f7fd0800 ConcurrentGCThread "G1 Refine#6" [stack: 0x000000671b200000,0x000000671b300000] [id=10136]
  0x000001a3f7fdc000 ConcurrentGCThread "G1 Refine#7" [stack: 0x000000671b300000,0x000000671b400000] [id=20288]
  0x000001a3f7fdd000 ConcurrentGCThread "G1 Young RemSet Sampling" [stack: 0x000000671b400000,0x000000671b500000] [id=16068]

Threads with active compile tasks:
C2 CompilerThread05565   !   4       java.lang.reflect.Executable::sharedToGenericString (321 bytes)
C2 CompilerThread15566       4       java.lang.reflect.Method::specificToGenericStringHeader (48 bytes)
C2 CompilerThread25563       4       java.lang.reflect.Executable::printModifiersIfNonzero (101 bytes)

VM state:not at safepoint (normal execution)

VM Mutex/Monitor currently owned by a thread: None

Heap address: 0x0000000091800000, size: 1768 MB, Compressed Oops mode: 32-bit
Narrow klass base: 0x0000000000000000, Narrow klass shift: 3
Compressed class space size: 1073741824 Address: 0x0000000100000000

Heap:
 garbage-first heap   total 114688K, used 75857K [0x0000000091800000, 0x0000000100000000)
  region size 1024K, 49 young (50176K), 5 survivors (5120K)
 Metaspace       used 64041K, capacity 65558K, committed 66056K, reserved 1107968K
  class space    used 7738K, capacity 8454K, committed 8496K, reserved 1048576K
Heap Regions: E=young(eden), S=young(survivor), O=old, HS=humongous(starts), HC=humongous(continues), CS=collection set, F=free, A=archive, TS=gc time stamp, AC=allocation context, TAMS=top-at-mark-start (previous, next)
|   0|0x0000000091800000, 0x0000000091900000, 0x0000000091900000|100%| O|  |TS  0|AC  0|TAMS 0x0000000091900000, 0x0000000091900000|
|   1|0x0000000091900000, 0x0000000091a00000, 0x0000000091a00000|100%|HS|  |TS  0|AC  0|TAMS 0x0000000091a00000, 0x0000000091a00000|
|   2|0x0000000091a00000, 0x0000000091b00000, 0x0000000091b00000|100%| O|  |TS  0|AC  0|TAMS 0x0000000091b00000, 0x0000000091b00000|
|   3|0x0000000091b00000, 0x0000000091c00000, 0x0000000091c00000|100%| O|  |TS  0|AC  0|TAMS 0x0000000091c00000, 0x0000000091c00000|
|   4|0x0000000091c00000, 0x0000000091d00000, 0x0000000091d00000|100%| O|  |TS  0|AC  0|TAMS 0x0000000091d00000, 0x0000000091d00000|
|   5|0x0000000091d00000, 0x0000000091e00000, 0x0000000091e00000|100%| O|  |TS  0|AC  0|TAMS 0x0000000091e00000, 0x0000000091e00000|
|   6|0x0000000091e00000, 0x0000000091f00000, 0x0000000091f00000|100%| O|  |TS  0|AC  0|TAMS 0x0000000091f00000, 0x0000000091f00000|
|   7|0x0000000091f00000, 0x0000000092000000, 0x0000000092000000|100%| O|  |TS  0|AC  0|TAMS 0x0000000092000000, 0x0000000092000000|
|   8|0x0000000092000000, 0x0000000092100000, 0x0000000092100000|100%| O|  |TS  0|AC  0|TAMS 0x0000000092100000, 0x0000000092100000|
|   9|0x0000000092100000, 0x0000000092200000, 0x0000000092200000|100%| O|  |TS  0|AC  0|TAMS 0x0000000092200000, 0x0000000092200000|
|  10|0x0000000092200000, 0x0000000092300000, 0x0000000092300000|100%| O|  |TS  0|AC  0|TAMS 0x0000000092300000, 0x0000000092300000|
|  11|0x0000000092300000, 0x0000000092400000, 0x0000000092400000|100%| O|  |TS  0|AC  0|TAMS 0x0000000092400000, 0x0000000092400000|
|  12|0x0000000092400000, 0x0000000092500000, 0x0000000092500000|100%| O|  |TS  0|AC  0|TAMS 0x0000000092500000, 0x0000000092500000|
|  13|0x0000000092500000, 0x0000000092600000, 0x0000000092600000|100%| O|  |TS  0|AC  0|TAMS 0x0000000092600000, 0x0000000092600000|
|  14|0x0000000092600000, 0x0000000092700000, 0x0000000092700000|100%| O|  |TS  0|AC  0|TAMS 0x0000000092700000, 0x0000000092700000|
|  15|0x0000000092700000, 0x0000000092800000, 0x0000000092800000|100%| O|  |TS  0|AC  0|TAMS 0x0000000092800000, 0x0000000092800000|
|  16|0x0000000092800000, 0x0000000092900000, 0x0000000092900000|100%| O|  |TS  0|AC  0|TAMS 0x0000000092900000, 0x0000000092900000|
|  17|0x0000000092900000, 0x0000000092a00000, 0x0000000092a00000|100%| O|  |TS  0|AC  0|TAMS 0x0000000092a00000, 0x0000000092a00000|
|  18|0x0000000092a00000, 0x0000000092b00000, 0x0000000092b00000|100%| O|  |TS  0|AC  0|TAMS 0x0000000092b00000, 0x0000000092b00000|
|  19|0x0000000092b00000, 0x0000000092c00000, 0x0000000092c00000|100%| O|  |TS  0|AC  0|TAMS 0x0000000092c00000, 0x0000000092c00000|
|  20|0x0000000092c00000, 0x0000000092d00000, 0x0000000092d00000|100%| O|  |TS  0|AC  0|TAMS 0x0000000092d00000, 0x0000000092d00000|
|  21|0x0000000092d00000, 0x0000000092e00000, 0x0000000092e00000|100%| O|  |TS  0|AC  0|TAMS 0x0000000092e00000, 0x0000000092e00000|
|  22|0x0000000092e00000, 0x0000000092f00000, 0x0000000092f00000|100%| O|  |TS  0|AC  0|TAMS 0x0000000092f00000, 0x0000000092f00000|
|  23|0x0000000092f00000, 0x0000000093000000, 0x0000000093000000|100%| O|  |TS  0|AC  0|TAMS 0x0000000093000000, 0x0000000093000000|
|  24|0x0000000093000000, 0x0000000093100000, 0x0000000093100000|100%| O|  |TS  0|AC  0|TAMS 0x0000000093100000, 0x0000000093100000|
|  25|0x0000000093100000, 0x0000000093200000, 0x0000000093200000|100%| O|  |TS  0|AC  0|TAMS 0x0000000093200000, 0x0000000093200000|
|  26|0x0000000093200000, 0x0000000093272c00, 0x0000000093300000| 44%| O|  |TS  0|AC  0|TAMS 0x0000000093272c00, 0x0000000093272c00|
|  27|0x0000000093300000, 0x0000000093300000, 0x0000000093400000|  0%| F|  |TS  0|AC  0|TAMS 0x0000000093300000, 0x0000000093300000|
|  28|0x0000000093400000, 0x0000000093400000, 0x0000000093500000|  0%| F|  |TS  0|AC  0|TAMS 0x0000000093400000, 0x0000000093400000|
|  29|0x0000000093500000, 0x0000000093500000, 0x0000000093600000|  0%| F|  |TS  0|AC  0|TAMS 0x0000000093500000, 0x0000000093500000|
|  30|0x0000000093600000, 0x0000000093600000, 0x0000000093700000|  0%| F|  |TS  0|AC  0|TAMS 0x0000000093600000, 0x0000000093600000|
|  31|0x0000000093700000, 0x0000000093700000, 0x0000000093800000|  0%| F|  |TS  0|AC  0|TAMS 0x0000000093700000, 0x0000000093700000|
|  32|0x0000000093800000, 0x0000000093800000, 0x0000000093900000|  0%| F|  |TS  0|AC  0|TAMS 0x0000000093800000, 0x0000000093800000|
|  33|0x0000000093900000, 0x0000000093900000, 0x0000000093a00000|  0%| F|  |TS  0|AC  0|TAMS 0x0000000093900000, 0x0000000093900000|
|  34|0x0000000093a00000, 0x0000000093a00000, 0x0000000093b00000|  0%| F|  |TS  0|AC  0|TAMS 0x0000000093a00000, 0x0000000093a00000|
|  35|0x0000000093b00000, 0x0000000093b00000, 0x0000000093c00000|  0%| F|  |TS  0|AC  0|TAMS 0x0000000093b00000, 0x0000000093b00000|
|  36|0x0000000093c00000, 0x0000000093c00000, 0x0000000093d00000|  0%| F|  |TS  0|AC  0|TAMS 0x0000000093c00000, 0x0000000093c00000|
|  37|0x0000000093d00000, 0x0000000093d00000, 0x0000000093e00000|  0%| F|  |TS  0|AC  0|TAMS 0x0000000093d00000, 0x0000000093d00000|
|  38|0x0000000093e00000, 0x0000000093e00000, 0x0000000093f00000|  0%| F|  |TS  0|AC  0|TAMS 0x0000000093e00000, 0x0000000093e00000|
|  39|0x0000000093f00000, 0x0000000093f00000, 0x0000000094000000|  0%| F|  |TS  0|AC  0|TAMS 0x0000000093f00000, 0x0000000093f00000|
|  40|0x0000000094000000, 0x0000000094000000, 0x0000000094100000|  0%| F|  |TS  0|AC  0|TAMS 0x0000000094000000, 0x0000000094000000|
|  41|0x0000000094100000, 0x0000000094100000, 0x0000000094200000|  0%| F|  |TS  0|AC  0|TAMS 0x0000000094100000, 0x0000000094100000|
|  42|0x0000000094200000, 0x0000000094200000, 0x0000000094300000|  0%| F|  |TS  0|AC  0|TAMS 0x0000000094200000, 0x0000000094200000|
|  43|0x0000000094300000, 0x0000000094300000, 0x0000000094400000|  0%| F|  |TS  0|AC  0|TAMS 0x0000000094300000, 0x0000000094300000|
|  44|0x0000000094400000, 0x0000000094400000, 0x0000000094500000|  0%| F|  |TS  0|AC  0|TAMS 0x0000000094400000, 0x0000000094400000|
|  45|0x0000000094500000, 0x0000000094500000, 0x0000000094600000|  0%| F|  |TS  0|AC  0|TAMS 0x0000000094500000, 0x0000000094500000|
|  46|0x0000000094600000, 0x0000000094600000, 0x0000000094700000|  0%| F|  |TS  0|AC  0|TAMS 0x0000000094600000, 0x0000000094600000|
|  47|0x0000000094700000, 0x0000000094700000, 0x0000000094800000|  0%| F|  |TS  0|AC  0|TAMS 0x0000000094700000, 0x0000000094700000|
|  48|0x0000000094800000, 0x0000000094800000, 0x0000000094900000|  0%| F|  |TS  0|AC  0|TAMS 0x0000000094800000, 0x0000000094800000|
|  49|0x0000000094900000, 0x0000000094900000, 0x0000000094a00000|  0%| F|  |TS  0|AC  0|TAMS 0x0000000094900000, 0x0000000094900000|
|  50|0x0000000094a00000, 0x0000000094a00000, 0x0000000094b00000|  0%| F|  |TS  0|AC  0|TAMS 0x0000000094a00000, 0x0000000094a00000|
|  51|0x0000000094b00000, 0x0000000094b00000, 0x0000000094c00000|  0%| F|  |TS  0|AC  0|TAMS 0x0000000094b00000, 0x0000000094b00000|
|  52|0x0000000094c00000, 0x0000000094c00000, 0x0000000094d00000|  0%| F|  |TS  0|AC  0|TAMS 0x0000000094c00000, 0x0000000094c00000|
|  53|0x0000000094d00000, 0x0000000094d00000, 0x0000000094e00000|  0%| F|  |TS  0|AC  0|TAMS 0x0000000094d00000, 0x0000000094d00000|
|  54|0x0000000094e00000, 0x0000000094e00000, 0x0000000094f00000|  0%| F|  |TS  0|AC  0|TAMS 0x0000000094e00000, 0x0000000094e00000|
|  55|0x0000000094f00000, 0x0000000094f00000, 0x0000000095000000|  0%| F|  |TS  0|AC  0|TAMS 0x0000000094f00000, 0x0000000094f00000|
|  56|0x0000000095000000, 0x0000000095000000, 0x0000000095100000|  0%| F|  |TS  0|AC  0|TAMS 0x0000000095000000, 0x0000000095000000|
|  57|0x0000000095100000, 0x0000000095100000, 0x0000000095200000|  0%| F|  |TS  0|AC  0|TAMS 0x0000000095100000, 0x0000000095100000|
|  58|0x0000000095200000, 0x0000000095200000, 0x0000000095300000|  0%| F|  |TS  0|AC  0|TAMS 0x0000000095200000, 0x0000000095200000|
|  59|0x0000000095300000, 0x0000000095300000, 0x0000000095400000|  0%| F|  |TS  0|AC  0|TAMS 0x0000000095300000, 0x0000000095300000|
|  60|0x0000000095400000, 0x0000000095400000, 0x0000000095500000|  0%| F|  |TS  0|AC  0|TAMS 0x0000000095400000, 0x0000000095400000|
|  61|0x0000000095500000, 0x0000000095500000, 0x0000000095600000|  0%| F|  |TS  0|AC  0|TAMS 0x0000000095500000, 0x0000000095500000|
|  62|0x0000000095600000, 0x0000000095600000, 0x0000000095700000|  0%| F|  |TS  0|AC  0|TAMS 0x0000000095600000, 0x0000000095600000|
|  63|0x0000000095700000, 0x0000000095800000, 0x0000000095800000|100%| E|  |TS  0|AC  0|TAMS 0x0000000095700000, 0x0000000095700000|
|  64|0x0000000095800000, 0x0000000095900000, 0x0000000095900000|100%| E|CS|TS  0|AC  0|TAMS 0x0000000095800000, 0x0000000095800000|
|  65|0x0000000095900000, 0x0000000095a00000, 0x0000000095a00000|100%| E|CS|TS  0|AC  0|TAMS 0x0000000095900000, 0x0000000095900000|
|  66|0x0000000095a00000, 0x0000000095b00000, 0x0000000095b00000|100%| E|CS|TS  0|AC  0|TAMS 0x0000000095a00000, 0x0000000095a00000|
|  67|0x0000000095b00000, 0x0000000095c00000, 0x0000000095c00000|100%| E|CS|TS  0|AC  0|TAMS 0x0000000095b00000, 0x0000000095b00000|
|  68|0x0000000095c00000, 0x0000000095d00000, 0x0000000095d00000|100%| E|CS|TS  0|AC  0|TAMS 0x0000000095c00000, 0x0000000095c00000|
|  69|0x0000000095d00000, 0x0000000095e00000, 0x0000000095e00000|100%| E|CS|TS  0|AC  0|TAMS 0x0000000095d00000, 0x0000000095d00000|
|  70|0x0000000095e00000, 0x0000000095f00000, 0x0000000095f00000|100%| E|CS|TS  0|AC  0|TAMS 0x0000000095e00000, 0x0000000095e00000|
|  71|0x0000000095f00000, 0x0000000096000000, 0x0000000096000000|100%| E|CS|TS  0|AC  0|TAMS 0x0000000095f00000, 0x0000000095f00000|
|  72|0x0000000096000000, 0x0000000096100000, 0x0000000096100000|100%| E|CS|TS  0|AC  0|TAMS 0x0000000096000000, 0x0000000096000000|
|  73|0x0000000096100000, 0x0000000096200000, 0x0000000096200000|100%| E|CS|TS  0|AC  0|TAMS 0x0000000096100000, 0x0000000096100000|
|  74|0x0000000096200000, 0x0000000096300000, 0x0000000096300000|100%| E|CS|TS  0|AC  0|TAMS 0x0000000096200000, 0x0000000096200000|
|  75|0x0000000096300000, 0x0000000096400000, 0x0000000096400000|100%| E|CS|TS  0|AC  0|TAMS 0x0000000096300000, 0x0000000096300000|
|  76|0x0000000096400000, 0x0000000096500000, 0x0000000096500000|100%| E|CS|TS  0|AC  0|TAMS 0x0000000096400000, 0x0000000096400000|
|  77|0x0000000096500000, 0x0000000096600000, 0x0000000096600000|100%| E|CS|TS  0|AC  0|TAMS 0x0000000096500000, 0x0000000096500000|
|  78|0x0000000096600000, 0x0000000096700000, 0x0000000096700000|100%| E|CS|TS  0|AC  0|TAMS 0x0000000096600000, 0x0000000096600000|
|  79|0x0000000096700000, 0x0000000096800000, 0x0000000096800000|100%| E|CS|TS  0|AC  0|TAMS 0x0000000096700000, 0x0000000096700000|
|  80|0x0000000096800000, 0x0000000096900000, 0x0000000096900000|100%| E|CS|TS  0|AC  0|TAMS 0x0000000096800000, 0x0000000096800000|
|  81|0x0000000096900000, 0x0000000096a00000, 0x0000000096a00000|100%| E|CS|TS  0|AC  0|TAMS 0x0000000096900000, 0x0000000096900000|
|  82|0x0000000096a00000, 0x0000000096b00000, 0x0000000096b00000|100%| E|CS|TS  0|AC  0|TAMS 0x0000000096a00000, 0x0000000096a00000|
|  83|0x0000000096b00000, 0x0000000096c00000, 0x0000000096c00000|100%| E|CS|TS  0|AC  0|TAMS 0x0000000096b00000, 0x0000000096b00000|
|  84|0x0000000096c00000, 0x0000000096d00000, 0x0000000096d00000|100%| E|CS|TS  0|AC  0|TAMS 0x0000000096c00000, 0x0000000096c00000|
|  85|0x0000000096d00000, 0x0000000096e00000, 0x0000000096e00000|100%| E|CS|TS  0|AC  0|TAMS 0x0000000096d00000, 0x0000000096d00000|
|  86|0x0000000096e00000, 0x0000000096f00000, 0x0000000096f00000|100%| E|CS|TS  0|AC  0|TAMS 0x0000000096e00000, 0x0000000096e00000|
|  87|0x0000000096f00000, 0x0000000097000000, 0x0000000097000000|100%| E|CS|TS  0|AC  0|TAMS 0x0000000096f00000, 0x0000000096f00000|
|  88|0x0000000097000000, 0x0000000097100000, 0x0000000097100000|100%| E|CS|TS  0|AC  0|TAMS 0x0000000097000000, 0x0000000097000000|
|  89|0x0000000097100000, 0x0000000097200000, 0x0000000097200000|100%| E|CS|TS  0|AC  0|TAMS 0x0000000097100000, 0x0000000097100000|
|  90|0x0000000097200000, 0x00000000972a1940, 0x0000000097300000| 63%| S|CS|TS  0|AC  0|TAMS 0x0000000097200000, 0x0000000097200000|
|  91|0x0000000097300000, 0x0000000097400000, 0x0000000097400000|100%| S|CS|TS  0|AC  0|TAMS 0x0000000097300000, 0x0000000097300000|
|  92|0x0000000097400000, 0x0000000097500000, 0x0000000097500000|100%| S|CS|TS  0|AC  0|TAMS 0x0000000097400000, 0x0000000097400000|
|  93|0x0000000097500000, 0x0000000097600000, 0x0000000097600000|100%| S|CS|TS  0|AC  0|TAMS 0x0000000097500000, 0x0000000097500000|
|  94|0x0000000097600000, 0x0000000097700000, 0x0000000097700000|100%| S|CS|TS  0|AC  0|TAMS 0x0000000097600000, 0x0000000097600000|
|  95|0x0000000097700000, 0x0000000097800000, 0x0000000097800000|100%| E|CS|TS  0|AC  0|TAMS 0x0000000097700000, 0x0000000097700000|
|  96|0x0000000097800000, 0x0000000097900000, 0x0000000097900000|100%| E|CS|TS  0|AC  0|TAMS 0x0000000097800000, 0x0000000097800000|
|  97|0x0000000097900000, 0x0000000097a00000, 0x0000000097a00000|100%| E|CS|TS  0|AC  0|TAMS 0x0000000097900000, 0x0000000097900000|
|  98|0x0000000097a00000, 0x0000000097b00000, 0x0000000097b00000|100%| E|CS|TS  0|AC  0|TAMS 0x0000000097a00000, 0x0000000097a00000|
|  99|0x0000000097b00000, 0x0000000097c00000, 0x0000000097c00000|100%| E|CS|TS  0|AC  0|TAMS 0x0000000097b00000, 0x0000000097b00000|
| 100|0x0000000097c00000, 0x0000000097d00000, 0x0000000097d00000|100%| E|CS|TS  0|AC  0|TAMS 0x0000000097c00000, 0x0000000097c00000|
| 101|0x0000000097d00000, 0x0000000097e00000, 0x0000000097e00000|100%| E|CS|TS  0|AC  0|TAMS 0x0000000097d00000, 0x0000000097d00000|
| 102|0x0000000097e00000, 0x0000000097f00000, 0x0000000097f00000|100%| E|CS|TS  0|AC  0|TAMS 0x0000000097e00000, 0x0000000097e00000|
| 103|0x0000000097f00000, 0x0000000098000000, 0x0000000098000000|100%| E|CS|TS  0|AC  0|TAMS 0x0000000097f00000, 0x0000000097f00000|
| 104|0x0000000098000000, 0x0000000098100000, 0x0000000098100000|100%| E|CS|TS  0|AC  0|TAMS 0x0000000098000000, 0x0000000098000000|
| 105|0x0000000098100000, 0x0000000098200000, 0x0000000098200000|100%| E|CS|TS  0|AC  0|TAMS 0x0000000098100000, 0x0000000098100000|
| 106|0x0000000098200000, 0x0000000098300000, 0x0000000098300000|100%| E|CS|TS  0|AC  0|TAMS 0x0000000098200000, 0x0000000098200000|
| 107|0x0000000098300000, 0x0000000098400000, 0x0000000098400000|100%| E|CS|TS  0|AC  0|TAMS 0x0000000098300000, 0x0000000098300000|
| 108|0x0000000098400000, 0x0000000098500000, 0x0000000098500000|100%| E|CS|TS  0|AC  0|TAMS 0x0000000098400000, 0x0000000098400000|
| 109|0x0000000098500000, 0x0000000098600000, 0x0000000098600000|100%| E|CS|TS  0|AC  0|TAMS 0x0000000098500000, 0x0000000098500000|
| 110|0x0000000098600000, 0x0000000098700000, 0x0000000098700000|100%| E|CS|TS  0|AC  0|TAMS 0x0000000098600000, 0x0000000098600000|
| 111|0x0000000098700000, 0x0000000098800000, 0x0000000098800000|100%| E|CS|TS  0|AC  0|TAMS 0x0000000098700000, 0x0000000098700000|

Card table byte_map: [0x000001a3f2120000,0x000001a3f24a0000] byte_map_base: 0x000001a3f1c94000

Marking Bits (Prev, Next): (CMBitMap*) 0x000001a3d779ffb8, (CMBitMap*) 0x000001a3d779ff80
 Prev Bits: [0x000001a3f43c0000, 0x000001a3f5f60000)
 Next Bits: [0x000001a3f2820000, 0x000001a3f43c0000)

Polling page: 0x000001a3d5130000

CodeHeap 'non-profiled nmethods': size=120000Kb used=3935Kb max_used=3935Kb free=116064Kb
 bounds [0x000001a3ea530000, 0x000001a3ea910000, 0x000001a3f1a60000]
CodeHeap 'profiled nmethods': size=120000Kb used=12928Kb max_used=12928Kb free=107071Kb
 bounds [0x000001a3e3000000, 0x000001a3e3cb0000, 0x000001a3ea530000]
CodeHeap 'non-nmethods': size=5760Kb used=1246Kb max_used=1273Kb free=4513Kb
 bounds [0x000001a3e2a60000, 0x000001a3e2cd0000, 0x000001a3e3000000]
 total_blobs=7649 nmethods=5280 adapters=537
 compilation: enabled

Compilation events (10 events):
Event: 64.802 Thread 0x000001a3f9260000 nmethod 5561 0x000001a3ea907290 code [0x000001a3ea907440, 0x000001a3ea907558]
Event: 64.804 Thread 0x000001a3f9260000 5562       3       sun.reflect.generics.reflectiveObjects.TypeVariableImpl::<init> (22 bytes)
Event: 64.804 Thread 0x000001a3f9257000 5563       4       java.lang.reflect.Executable::printModifiersIfNonzero (101 bytes)
Event: 64.804 Thread 0x000001a3f924a000 5564       4       sun.reflect.generics.tree.ClassTypeSignature::accept (8 bytes)
Event: 64.804 Thread 0x000001a3f9243000 5565   !   4       java.lang.reflect.Executable::sharedToGenericString (321 bytes)
Event: 64.804 Thread 0x000001a3f9260000 nmethod 5562 0x000001a3e3ca1710 code [0x000001a3e3ca18e0, 0x000001a3e3ca1c78]
Event: 64.806 Thread 0x000001a3f924a000 nmethod 5564 0x000001a3ea907610 code [0x000001a3ea9077c0, 0x000001a3ea907888]
Event: 64.806 Thread 0x000001a3f924a000 5566       4       java.lang.reflect.Method::specificToGenericStringHeader (48 bytes)
Event: 64.828 Thread 0x000001a3f9260000 5572       3       org.springframework.core.MethodClassKey::compareTo (9 bytes)
Event: 64.828 Thread 0x000001a3f9260000 nmethod 5572 0x000001a3e3ca1d90 code [0x000001a3e3ca1f60, 0x000001a3e3ca21d0]

GC Heap History (10 events):
Event: 19.350 GC heap before
{Heap before GC invocations=10 (full 0):
 garbage-first heap   total 114688K, used 81190K [0x0000000091800000, 0x0000000100000000)
  region size 1024K, 65 young (66560K), 6 survivors (6144K)
 Metaspace       used 40773K, capacity 41615K, committed 41904K, reserved 1085440K
  class space    used 4628K, capacity 4992K, committed 5040K, reserved 1048576K
}
Event: 19.366 GC heap after
{Heap after GC invocations=11 (full 0):
 garbage-first heap   total 114688K, used 24019K [0x0000000091800000, 0x0000000100000000)
  region size 1024K, 8 young (8192K), 8 survivors (8192K)
 Metaspace       used 40773K, capacity 41615K, committed 41904K, reserved 1085440K
  class space    used 4628K, capacity 4992K, committed 5040K, reserved 1048576K
}
Event: 20.709 GC heap before
{Heap before GC invocations=11 (full 0):
 garbage-first heap   total 114688K, used 83411K [0x0000000091800000, 0x0000000100000000)
  region size 1024K, 66 young (67584K), 8 survivors (8192K)
 Metaspace       used 43095K, capacity 43997K, committed 44208K, reserved 1087488K
  class space    used 4910K, capacity 5275K, committed 5296K, reserved 1048576K
}
Event: 20.726 GC heap after
{Heap after GC invocations=12 (full 0):
 garbage-first heap   total 114688K, used 27042K [0x0000000091800000, 0x0000000100000000)
  region size 1024K, 7 young (7168K), 7 survivors (7168K)
 Metaspace       used 43095K, capacity 43997K, committed 44208K, reserved 1087488K
  class space    used 4910K, capacity 5275K, committed 5296K, reserved 1048576K
}
Event: 24.711 GC heap before
{Heap before GC invocations=12 (full 0):
 garbage-first heap   total 114688K, used 85410K [0x0000000091800000, 0x0000000100000000)
  region size 1024K, 64 young (65536K), 7 survivors (7168K)
 Metaspace       used 47578K, capacity 48624K, committed 48944K, reserved 1091584K
  class space    used 5477K, capacity 5895K, committed 5936K, reserved 1048576K
}
Event: 24.724 GC heap after
{Heap after GC invocations=13 (full 0):
 garbage-first heap   total 114688K, used 29632K [0x0000000091800000, 0x0000000100000000)
  region size 1024K, 6 young (6144K), 6 survivors (6144K)
 Metaspace       used 47578K, capacity 48624K, committed 48944K, reserved 1091584K
  class space    used 5477K, capacity 5895K, committed 5936K, reserved 1048576K
}
Event: 26.754 GC heap before
{Heap before GC invocations=13 (full 0):
 garbage-first heap   total 114688K, used 88000K [0x0000000091800000, 0x0000000100000000)
  region size 1024K, 63 young (64512K), 6 survivors (6144K)
 Metaspace       used 56859K, capacity 58231K, committed 58800K, reserved 1101824K
  class space    used 6636K, capacity 7281K, committed 7344K, reserved 1048576K
}
Event: 26.766 GC heap after
{Heap after GC invocations=14 (full 0):
 garbage-first heap   total 114688K, used 31737K [0x0000000091800000, 0x0000000100000000)
  region size 1024K, 5 young (5120K), 5 survivors (5120K)
 Metaspace       used 56859K, capacity 58231K, committed 58800K, reserved 1101824K
  class space    used 6636K, capacity 7281K, committed 7344K, reserved 1048576K
}
Event: 27.121 GC heap before
{Heap before GC invocations=14 (full 0):
 garbage-first heap   total 114688K, used 48121K [0x0000000091800000, 0x0000000100000000)
  region size 1024K, 22 young (22528K), 5 survivors (5120K)
 Metaspace       used 58506K, capacity 59832K, committed 60296K, reserved 1101824K
  class space    used 6866K, capacity 7517K, committed 7600K, reserved 1048576K
}
Event: 27.132 GC heap after
{Heap after GC invocations=15 (full 0):
 garbage-first heap   total 114688K, used 31825K [0x0000000091800000, 0x0000000100000000)
  region size 1024K, 5 young (5120K), 5 survivors (5120K)
 Metaspace       used 58506K, capacity 59832K, committed 60296K, reserved 1101824K
  class space    used 6866K, capacity 7517K, committed 7600K, reserved 1048576K
}

Deoptimization events (10 events):
Event: 26.033 Thread 0x000001a3d770a800 Uncommon trap: reason=unstable_if action=reinterpret pc=0x000001a3ea8cce30 method=java.util.jar.JarFile.getInputStream(Ljava/util/zip/ZipEntry;)Ljava/io/InputStream; @ 37 c2
Event: 26.037 Thread 0x000001a3d770a800 Uncommon trap: reason=unstable_if action=reinterpret pc=0x000001a3ea8c2298 method=java.util.jar.JarFile$JarFileEntry.getCodeSigners()[Ljava/security/CodeSigner; @ 24 c2
Event: 26.037 Thread 0x000001a3d770a800 Uncommon trap: reason=unstable_if action=reinterpret pc=0x000001a3ea89e43c method=java.security.CodeSource.<init>(Ljava/net/URL;[Ljava/security/CodeSigner;)V @ 37 c2
Event: 26.037 Thread 0x000001a3d770a800 Uncommon trap: reason=unstable_if action=reinterpret pc=0x000001a3ea687b0c method=java.security.CodeSource.getCertificates()[Ljava/security/cert/Certificate; @ 22 c2
Event: 26.040 Thread 0x000001a3d770a800 Uncommon trap: reason=unstable_if action=reinterpret pc=0x000001a3ea89576c method=java.security.CodeSource.getCertificates()[Ljava/security/cert/Certificate; @ 4 c2
Event: 32.745 Thread 0x000001a3d770a800 Uncommon trap: reason=unstable_if action=reinterpret pc=0x000001a3ea683560 method=java.io.WinNTFileSystem.isLetter(C)Z @ 3 c2
Event: 32.746 Thread 0x000001a3d770a800 Uncommon trap: reason=unstable_if action=reinterpret pc=0x000001a3ea54b6fc method=java.io.WinNTFileSystem.isSlash(C)Z @ 9 c2
Event: 32.746 Thread 0x000001a3d770a800 Uncommon trap: reason=unstable_if action=reinterpret pc=0x000001a3ea881a60 method=java.io.WinNTFileSystem.prefixLength(Ljava/lang/String;)I @ 42 c2
Event: 34.631 Thread 0x000001a3fe202000 Uncommon trap: reason=class_check action=maybe_recompile pc=0x000001a3ea65794c method=java.nio.DirectByteBuffer.<init>(Lsun/nio/ch/DirectBuffer;IIIII)V @ 12 c2
Event: 64.823 Thread 0x000001a3fe203800 Uncommon trap: reason=class_check action=maybe_recompile pc=0x000001a3ea65794c method=java.nio.DirectByteBuffer.<init>(Lsun/nio/ch/DirectBuffer;IIIII)V @ 12 c2

Classes redefined (0 events):
No events

Internal exceptions (10 events):
Event: 34.568 Thread 0x000001a3d770a800 Exception <a 'java/lang/NoSuchMethodError'{0x000000009632eb90}: method resolution failed> (0x000000009632eb90) thrown at [t:/workspace/open/src/hotspot/share/prims/methodHandles.cpp, line 1226]
Event: 34.568 Thread 0x000001a3d770a800 Exception <a 'java/lang/NoSuchMethodError'{0x0000000096333390}: method resolution failed> (0x0000000096333390) thrown at [t:/workspace/open/src/hotspot/share/prims/methodHandles.cpp, line 1226]
Event: 34.635 Thread 0x000001a3fe202000 Exception <a 'java/lang/NoSuchMethodError'{0x00000000961ce7e8}: java.lang.invoke.DirectMethodHandle$Holder.invokeInterface(Ljava/lang/Object;Ljava/lang/Object;)V> (0x00000000961ce7e8) thrown at [t:/workspace/open/src/hotspot/share/interpreter/linkResolver
Event: 64.797 Thread 0x000001a3d770a800 Exception <a 'java/lang/ClassNotFoundException'{0x0000000095b1e3a0}: java/lang/ObjectCustomizer> (0x0000000095b1e3a0) thrown at [t:/workspace/open/src/hotspot/share/classfile/systemDictionary.cpp, line 233]
Event: 64.800 Thread 0x000001a3d770a800 Exception <a 'java/lang/ClassNotFoundException'{0x0000000095b39c80}: org/elasticsearch/common/component/AbstractComponentCustomizer> (0x0000000095b39c80) thrown at [t:/workspace/open/src/hotspot/share/classfile/systemDictionary.cpp, line 233]
Event: 64.803 Thread 0x000001a3d770a800 Exception <a 'java/lang/ClassNotFoundException'{0x0000000095b51be8}: org/elasticsearch/client/support/AbstractClientCustomizer> (0x0000000095b51be8) thrown at [t:/workspace/open/src/hotspot/share/classfile/systemDictionary.cpp, line 233]
Event: 64.807 Thread 0x000001a3d770a800 Exception <a 'java/lang/ClassNotFoundException'{0x0000000095aa6148}: org/elasticsearch/client/transport/TransportClientCustomizer> (0x0000000095aa6148) thrown at [t:/workspace/open/src/hotspot/share/classfile/systemDictionary.cpp, line 233]
Event: 64.811 Thread 0x000001a3d770a800 Exception <a 'java/lang/ClassNotFoundException'{0x0000000095ad2610}: org/springframework/data/elasticsearch/client/TransportClientFactoryBean$SpringDataTransportClientCustomizer> (0x0000000095ad2610) thrown at [t:/workspace/open/src/hotspot/share/classfil
Event: 64.813 Thread 0x000001a3d770a800 Exception <a 'java/lang/ClassNotFoundException'{0x0000000095aef0f8}: org/elasticsearch/client/ClientCustomizer> (0x0000000095aef0f8) thrown at [t:/workspace/open/src/hotspot/share/classfile/systemDictionary.cpp, line 233]
Event: 64.850 Thread 0x000001a3d770a800 Exception <a 'java/lang/ClassNotFoundException'{0x00000000959f0228}: java/lang/ObjectCustomizer> (0x00000000959f0228) thrown at [t:/workspace/open/src/hotspot/share/classfile/systemDictionary.cpp, line 233]

Events (10 events):
Event: 64.813 loading class org/elasticsearch/client/ClientCustomizer done
Event: 64.823 Thread 0x000001a3fe203800 Uncommon trap: trap_request=0xffffffde fr.pc=0x000001a3ea65794c relative=0x000000000000028c
Event: 64.823 Thread 0x000001a3fe203800 DEOPT PACKING pc=0x000001a3ea65794c sp=0x0000006719dfe6c0
Event: 64.823 Thread 0x000001a3fe203800 DEOPT UNPACKING pc=0x000001a3e2a88a2f sp=0x0000006719dfe6b8 mode 2
Event: 64.849 loading class java/lang/ObjectCustomizer
Event: 64.849 loading class java/lang/ObjectCustomizer done
Event: 64.850 loading class java/lang/ObjectCustomizer
Event: 64.850 loading class java/lang/ObjectCustomizer done
Event: 64.850 loading class org/springframework/boot/autoconfigure/data/elasticsearch/ElasticsearchDataAutoConfigurationCustomizer
Event: 64.850 loading class org/springframework/boot/autoconfigure/data/elasticsearch/ElasticsearchDataAutoConfigurationCustomizer done


Dynamic libraries:
0x00007ff6e4980000 - 0x00007ff6e49be000 	D:\Program Files\Java\jdk-10.0.1\bin\java.exe
0x00007ff9888e0000 - 0x00007ff988acd000 	C:\WINDOWS\SYSTEM32\ntdll.dll
0x00007ff9877a0000 - 0x00007ff987853000 	C:\WINDOWS\System32\KERNEL32.DLL
0x00007ff985570000 - 0x00007ff985803000 	C:\WINDOWS\System32\KERNELBASE.dll
0x00007ff987480000 - 0x00007ff987523000 	C:\WINDOWS\System32\ADVAPI32.dll
0x00007ff988120000 - 0x00007ff9881be000 	C:\WINDOWS\System32\msvcrt.dll
0x00007ff987dc0000 - 0x00007ff987e5e000 	C:\WINDOWS\System32\sechost.dll
0x00007ff988410000 - 0x00007ff988532000 	C:\WINDOWS\System32\RPCRT4.dll
0x00007ff987590000 - 0x00007ff987727000 	C:\WINDOWS\System32\USER32.dll
0x00007ff985550000 - 0x00007ff985570000 	C:\WINDOWS\System32\win32u.dll
0x00007ff988090000 - 0x00007ff9880b9000 	C:\WINDOWS\System32\GDI32.dll
0x00007ff985940000 - 0x00007ff985ada000 	C:\WINDOWS\System32\gdi32full.dll
0x00007ff9849b0000 - 0x00007ff984a50000 	C:\WINDOWS\System32\msvcp_win.dll
0x00007ff985400000 - 0x00007ff9854fa000 	C:\WINDOWS\System32\ucrtbase.dll
0x00007ff96afb0000 - 0x00007ff96b229000 	C:\WINDOWS\WinSxS\amd64_microsoft.windows.common-controls_6595b64144ccf1df_6.0.17763.503_none_05b23ef40721f4ae\COMCTL32.dll
0x00007ff97cf40000 - 0x00007ff97cf4a000 	C:\WINDOWS\SYSTEM32\VERSION.dll
0x00007ff987860000 - 0x00007ff987b8c000 	C:\WINDOWS\System32\combase.dll
0x00007ff9858c0000 - 0x00007ff98593e000 	C:\WINDOWS\System32\bcryptPrimitives.dll
0x00007ff9885a0000 - 0x00007ff9885ce000 	C:\WINDOWS\System32\IMM32.DLL
0x00007ff94f390000 - 0x00007ff94f47f000 	D:\Program Files\Java\jdk-10.0.1\bin\msvcr120.dll
0x00007ff94f0d0000 - 0x00007ff94f176000 	D:\Program Files\Java\jdk-10.0.1\bin\msvcp120.dll
0x0000000064db0000 - 0x0000000065820000 	D:\Program Files\Java\jdk-10.0.1\bin\server\jvm.dll
0x00007ff987b90000 - 0x00007ff987b98000 	C:\WINDOWS\System32\PSAPI.DLL
0x00007ff97ff50000 - 0x00007ff97ff74000 	C:\WINDOWS\SYSTEM32\WINMM.dll
0x00007ff96cf00000 - 0x00007ff96cf09000 	C:\WINDOWS\SYSTEM32\WSOCK32.dll
0x00007ff987730000 - 0x00007ff98779d000 	C:\WINDOWS\System32\WS2_32.dll
0x00007ff97ff20000 - 0x00007ff97ff4d000 	C:\WINDOWS\SYSTEM32\winmmbase.dll
0x00007ff985500000 - 0x00007ff98554a000 	C:\WINDOWS\System32\cfgmgr32.dll
0x00007ff97faa0000 - 0x00007ff97faaf000 	D:\Program Files\Java\jdk-10.0.1\bin\verify.dll
0x00007ff980050000 - 0x00007ff98023d000 	C:\WINDOWS\SYSTEM32\DBGHELP.DLL
0x00007ff974e90000 - 0x00007ff974eba000 	C:\WINDOWS\SYSTEM32\dbgcore.DLL
0x00007ff95e500000 - 0x00007ff95e527000 	D:\Program Files\Java\jdk-10.0.1\bin\java.dll
0x00007ff97a7c0000 - 0x00007ff97a7ea000 	D:\Program Files\Java\jdk-10.0.1\bin\instrument.dll
0x00007ff964480000 - 0x00007ff964496000 	D:\Program Files\Java\jdk-10.0.1\bin\zip.dll
0x00007ff964370000 - 0x00007ff96437a000 	D:\Program Files\Java\jdk-10.0.1\bin\jimage.dll
0x00007ff985f90000 - 0x00007ff987480000 	C:\WINDOWS\System32\SHELL32.dll
0x00007ff987fe0000 - 0x00007ff988088000 	C:\WINDOWS\System32\shcore.dll
0x00007ff984cb0000 - 0x00007ff9853fa000 	C:\WINDOWS\System32\windows.storage.dll
0x00007ff984900000 - 0x00007ff984924000 	C:\WINDOWS\System32\profapi.dll
0x00007ff984930000 - 0x00007ff98498d000 	C:\WINDOWS\System32\powrprof.dll
0x00007ff9880c0000 - 0x00007ff988112000 	C:\WINDOWS\System32\shlwapi.dll
0x00007ff984990000 - 0x00007ff9849a1000 	C:\WINDOWS\System32\kernel.appcore.dll
0x00007ff984c30000 - 0x00007ff984c47000 	C:\WINDOWS\System32\cryptsp.dll
0x00007ff95e6f0000 - 0x00007ff95e70a000 	D:\Program Files\Java\jdk-10.0.1\bin\net.dll
0x00007ff976a10000 - 0x00007ff976b01000 	C:\WINDOWS\SYSTEM32\WINHTTP.dll
0x00007ff984090000 - 0x00007ff9840f7000 	C:\WINDOWS\system32\mswsock.dll
0x00007ff95d980000 - 0x00007ff95d991000 	D:\Program Files\Java\jdk-10.0.1\bin\nio.dll
0x00007ff97b480000 - 0x00007ff97b49a000 	D:\Program Files\JetBrains\IntelliJ IDEA 2019.1\bin\breakgen64.dll
0x00007ff983df0000 - 0x00007ff983e2d000 	C:\WINDOWS\SYSTEM32\IPHLPAPI.DLL
0x00007ff987ba0000 - 0x00007ff987ba8000 	C:\WINDOWS\System32\NSI.dll
0x00007ff97a350000 - 0x00007ff97a366000 	C:\WINDOWS\SYSTEM32\dhcpcsvc6.DLL
0x00007ff97a2c0000 - 0x00007ff97a2dc000 	C:\WINDOWS\SYSTEM32\dhcpcsvc.DLL
0x00007ff983e30000 - 0x00007ff983ef6000 	C:\WINDOWS\SYSTEM32\DNSAPI.dll
0x00007ff97fae0000 - 0x00007ff97fae9000 	D:\Program Files\Java\jdk-10.0.1\bin\management.dll
0x00007ff97d830000 - 0x00007ff97d83a000 	D:\Program Files\Java\jdk-10.0.1\bin\management_ext.dll
0x00007ff96ac40000 - 0x00007ff96ac56000 	C:\WINDOWS\system32\napinsp.dll
0x00007ff96ac20000 - 0x00007ff96ac3a000 	C:\WINDOWS\system32\pnrpnsp.dll
0x00007ff96a830000 - 0x00007ff96a83e000 	C:\WINDOWS\System32\winrnr.dll
0x00007ff97a330000 - 0x00007ff97a34b000 	C:\WINDOWS\system32\NLAapi.dll
0x00007ff9774c0000 - 0x00007ff9774d5000 	C:\WINDOWS\system32\wshbth.dll
0x00007ff977050000 - 0x00007ff97705a000 	C:\Windows\System32\rasadhlp.dll
0x00007ff97ab50000 - 0x00007ff97abc9000 	C:\WINDOWS\System32\fwpuclnt.dll
0x00007ff985ae0000 - 0x00007ff985b06000 	C:\WINDOWS\System32\bcrypt.dll
0x00007ff983c50000 - 0x00007ff983c83000 	C:\WINDOWS\system32\rsaenh.dll
0x00007ff9847a0000 - 0x00007ff9847c8000 	C:\WINDOWS\SYSTEM32\USERENV.dll
0x00007ff984260000 - 0x00007ff98426c000 	C:\WINDOWS\SYSTEM32\CRYPTBASE.dll

dbghelp: loaded successfully - version: 4.0.5 - missing functions: none
symbol engine: initialized successfully - sym options: 0x614 - pdb path: .;D:\Program Files\Java\jdk-10.0.1\bin;C:\WINDOWS\SYSTEM32;C:\WINDOWS\WinSxS\amd64_microsoft.windows.common-controls_6595b64144ccf1df_6.0.17763.503_none_05b23ef40721f4ae;D:\Program Files\Java\jdk-10.0.1\bin\server;D:\Program Files\JetBrains\IntelliJ IDEA 2019.1\bin

VM Arguments:
jvm_args: -ea -Didea.test.cyclic.buffer.size=1048576 -javaagent:D:\Program Files\JetBrains\IntelliJ IDEA 2019.1\lib\idea_rt.jar=7587:D:\Program Files\JetBrains\IntelliJ IDEA 2019.1\bin -Dfile.encoding=UTF-8 
java_command: com.intellij.rt.execution.junit.JUnitStarter -ideVersion5 -junit4 com.leyou.search.client.CategoryClientTest,queryCategoryByIds
java_class_path (initial): D:\Program Files\JetBrains\IntelliJ IDEA 2019.1\lib\idea_rt.jar;D:\Program Files\JetBrains\IntelliJ IDEA 2019.1\plugins\junit\lib\junit-rt.jar;D:\Program Files\JetBrains\IntelliJ IDEA 2019.1\plugins\junit\lib\junit5-rt.jar;D:\WJH-workSpace\code\java\new\初识项目\leyou-web\leyou\ly-search\target\test-classes;D:\WJH-workSpace\code\java\new\初识项目\leyou-web\leyou\ly-search\target\classes;D:\Program Files\maven_repository\org\springframework\cloud\spring-cloud-starter-netflix-eureka-client\2.1.1.RELEASE\spring-cloud-starter-netflix-eureka-client-2.1.1.RELEASE.jar;D:\Program Files\maven_repository\org\springframework\cloud\spring-cloud-starter\2.0.1.RELEASE\spring-cloud-starter-2.0.1.RELEASE.jar;D:\Program Files\maven_repository\org\springframework\cloud\spring-cloud-context\2.0.1.RELEASE\spring-cloud-context-2.0.1.RELEASE.jar;D:\Program Files\maven_repository\org\springframework\security\spring-security-rsa\1.0.5.RELEASE\spring-security-rsa-1.0.5.RELEASE.jar;D:\Program Files\maven_repository\org\bouncycastle\bcpkix-jdk15on\1.56\bcpkix-jdk15on-1.56.jar;D:\Program Files\maven_repository\org\bouncycastle\bcprov-jdk15on\1.56\bcprov-jdk15on-1.56.jar;D:\Program Files\maven_repository\org\springframework\cloud\spring-cloud-netflix-hystrix\2.1.1.RELEASE\spring-cloud-netflix-hystrix-2.1.1.RELEASE.jar;D:\Program Files\maven_repository\org\springframework\boot\spring-boot-autoconfigure\2.0.4.RELEASE\spring-boot-autoconfigure-2.0.4.RELEASE.jar;D:\Program Files\maven_repository\org\springframework\boot\spring-boot-starter-aop\2.0.4.RELEASE\spring-boot-starter-aop-2.0.4.RELEASE.jar;D:\Program Files\maven_repository\org\aspectj\aspectjweaver\1.8.13\aspectjweaver-1.8.13.jar;D:\Program Files\maven_repository\org\springframework\cloud\spring-cloud-netflix-eureka-client\2.0.1.RELEASE\spring-cloud-netflix-eureka-client-2.0.1.RELEASE.jar;D:\Program Files\maven_repository\org\springframework\cloud\spring-cloud-netflix-core\2.0.1.RELEASE\spring-cloud-netflix-cor
Launcher Type: SUN_STANDARD

Logging:
Log output configuration:
#0: stdout all=warning uptime,level,tags
#1: stderr all=off uptime,level,tags

Environment Variables:
JAVA_HOME=D:\Program Files\Java\jdk-10.0.1
JRE_HOME=D:\Program Files\Java\jre-10.0.1
CLASSPATH=.;D:\Program Files\Java\jdk-10.0.1/lib/dt.jar;D:\Program Files\Java\jdk-10.0.1/lib/tools.jar;
PATH=D:\Program Files (x86)\NetSarang\Xlpd 6\;D:\Program Files (x86)\NetSarang\Xftp 6\;D:\Program Files (x86)\NetSarang\Xshell 6\;D:\Program Files (x86)\NetSarang\Xmanager 6\;D:\oracle\product\10.2.0\db_1\bin;C:\Program Files\Microsoft MPI\Bin\;C:\Program Files (x86)\Common Files\Oracle\Java\javapath;C:\WINDOWS\system32;C:\WINDOWS;C:\WINDOWS\System32\Wbem;C:\WINDOWS\System32\WindowsPowerShell\v1.0\;C:\WINDOWS\System32\OpenSSH\;D:\Program Files\Java\jdk-10.0.1\bin;D:\Program Files\Java\jdk-10.0.1\bin;C:\Program Files\dotnet\;C:\Program Files\Intel\WiFi\bin\;C:\Program Files\Common Files\Intel\WirelessCommon\;D:\Program Files\nodejs\;D:\Program Files\MySQL\MySQL Server 5.5\bin;D:\Program Files\Apache Software Foundation\Tomcat 9.0\bin;"D:\Program Files\Java\jdk-10.0.1\bin;";D:\Program Files\Git\cmd;D:\Program Files\apache-maven-3.5.2\bin;"D:\Program Files\Apache Software Foundation\Tomcat 9.0\lib;D:\Program Files\Apache Software Foundation\Tomcat 9.0\bin";C:\Users\jhmarryme\AppData\Local\Programs\Python\Python37-32\Scripts\;C:\Users\jhmarryme\AppData\Local\Programs\Python\Python37-32\;C:\Users\jhmarryme\AppData\Local\Microsoft\WindowsApps;D:\Program Files\Microsoft VS Code\bin;C:\Users\jhmarryme\AppData\Roaming\npm;D:\Program Files\MySQL\bin;;D:\Program Files\JetBrains\IntelliJ IDEA 2019.1\bin;
USERNAME=jhmarryme
OS=Windows_NT
PROCESSOR_IDENTIFIER=AMD64 Family 23 Model 17 Stepping 0, AuthenticAMD



---------------  S Y S T E M  ---------------

OS: Windows 10 , 64 bit Build 17763 (10.0.17763.475)

CPU:total 8 (initial active 8) (8 cores per cpu, 2 threads per core) family 23 model 17 stepping 0, cmov, cx8, fxsr, mmx, sse, sse2, sse3, ssse3, sse4.1, sse4.2, popcnt, avx, avx2, aes, clmul, mmxext, 3dnowpref, lzcnt, sse4a, ht, tsc, tscinvbit, tscinv, bmi1, bmi2, adx, sha, fma

Memory: 4k page, physical 7239248k(413172k free), swap 17725004k(88k free)

vm_info: Java HotSpot(TM) 64-Bit Server VM (10.0.1+10) for windows-amd64 JRE (10.0.1+10), built on Mar 27 2018 02:27:48 by "mach5one" with MS VC++ 12.0 (VS2013)

END.
